This is XeTeX, Version 3.14159265-2.6-0.99992 (MiKTeX 2.9) (preloaded format=xelatex 2016.3.29)  29 MAR 2016 16:16
entering extended mode
**C:/work/dimik.publications/latex_bangla_book_template/base.tex
(C:/work/dimik.publications/latex_bangla_book_template/base.tex
LaTeX2e <2016/02/01>
Babel <3.9q> and hyphenation patterns for 70 language(s) loaded.
("C:\Users\rafi\AppData\Local\Programs\MiKTeX 2.9\tex\latex\base\article.cls"
Document Class: article 2014/09/29 v1.4h Standard LaTeX document class
("C:\Users\rafi\AppData\Local\Programs\MiKTeX 2.9\tex\latex\base\size10.clo"
File: size10.clo 2014/09/29 v1.4h Standard LaTeX file (size option)
)
\c@part=\count79
\c@section=\count80
\c@subsection=\count81
\c@subsubsection=\count82
\c@paragraph=\count83
\c@subparagraph=\count84
\c@figure=\count85
\c@table=\count86
\abovecaptionskip=\skip41
\belowcaptionskip=\skip42
\bibindent=\dimen102
)
("C:\Users\rafi\AppData\Local\Programs\MiKTeX 2.9\tex\latex\listings\listings.s
ty"
("C:\Users\rafi\AppData\Local\Programs\MiKTeX 2.9\tex\latex\graphics\keyval.sty
"
Package: keyval 2014/10/28 v1.15 key=value parser (DPC)
\KV@toks@=\toks14
)
\lst@mode=\count87
\lst@gtempboxa=\box26
\lst@token=\toks15
\lst@length=\count88
\lst@currlwidth=\dimen103
\lst@column=\count89
\lst@pos=\count90
\lst@lostspace=\dimen104
\lst@width=\dimen105
\lst@newlines=\count91
\lst@lineno=\count92
\lst@maxwidth=\dimen106

("C:\Users\rafi\AppData\Local\Programs\MiKTeX 2.9\tex\latex\listings\lstmisc.st
y"
File: lstmisc.sty 2015/06/04 1.6 (Carsten Heinz)
\c@lstnumber=\count93
\lst@skipnumbers=\count94
\lst@framebox=\box27
)
("C:\Users\rafi\AppData\Local\Programs\MiKTeX 2.9\tex\latex\listings\listings.c
fg"
File: listings.cfg 2015/06/04 1.6 listings configuration
))
Package: listings 2015/06/04 1.6 (Carsten Heinz)

("C:\Users\rafi\AppData\Local\Programs\MiKTeX 2.9\tex\latex\algorithm2e\algorit
hm2e.sty"
Invalid UTF-8 byte or sequence at line 275 replaced by U+FFFD.
Invalid UTF-8 byte or sequence at line 290 replaced by U+FFFD.
Invalid UTF-8 byte or sequence at line 540 replaced by U+FFFD.
Package: algorithm2e 2013/01/06 v5.00 algorithms environments
\c@AlgoLine=\count95

("C:\Users\rafi\AppData\Local\Programs\MiKTeX 2.9\tex\latex\base\ifthen.sty"
Package: ifthen 2014/09/29 v1.1c Standard LaTeX ifthen package (DPC)
)
Invalid UTF-8 byte or sequence at line 1311 replaced by U+FFFD.
Invalid UTF-8 byte or sequence at line 1313 replaced by U+FFFD.
Invalid UTF-8 byte or sequence at line 1315 replaced by U+FFFD.
\algocf@hangindent=\skip43

("C:\Users\rafi\AppData\Local\Programs\MiKTeX 2.9\tex\latex\tools\xspace.sty"
Package: xspace 2014/10/28 v1.13 Space after command names (DPC,MH)
)
("C:\Users\rafi\AppData\Local\Programs\MiKTeX 2.9\tex\latex\ltxmisc\relsize.sty
"
Package: relsize 2003/07/04 ver 3.1
)
********************************************************
Package `algorithm2e' Release 5.1 -- october 19 2015 --
- algorithm2e-announce@lirmm.fr mailing list for announcement about releases
- algorithm2e-discussion@lirmm.fr mailing list for discussion about package
subscribe by emailing sympa@lirmm.fr with 'subscribe <list> <firstname name>'
- Author: Christophe Fiorio (christophe.fiorio@umontpellier.fr)
********************************************************
\skiptotal=\skip44
\skiplinenumber=\skip45
\skiprule=\skip46
\skiphlne=\skip47
\skiptext=\skip48
\skiplength=\skip49
\algomargin=\skip50
\skipalgocfslide=\skip51
\algowidth=\dimen107
\inoutsize=\dimen108
\inoutindent=\dimen109
\interspacetitleruled=\dimen110
\interspacealgoruled=\dimen111
\interspacetitleboxruled=\dimen112
\algocf@ruledwidth=\skip52
\algocf@inoutbox=\box28
\algocf@inputbox=\box29
\AlCapSkip=\skip53
\AlCapHSkip=\skip54
\algoskipindent=\skip55
\algocf@nlbox=\box30
\algocf@hangingbox=\box31
\algocf@untilbox=\box32
\algocf@skipuntil=\skip56
\algocf@capbox=\box33
\algoheightruledefault=\skip57
\algoheightrule=\skip58
\algotitleheightruledefault=\skip59
\algotitleheightrule=\skip60
\c@algocfline=\count96
\c@algocfproc=\count97
\c@algocf=\count98
\algocf@algoframe=\box34
\algocf@algobox=\box35
) (banglatex.sty
Package: banglatex 2013/08/02 M.A.H. Newton's XeLatex Style File for Bengali

("C:\Users\rafi\AppData\Local\Programs\MiKTeX 2.9\tex\generic\oberdiek\ltxcmds.
sty"
Package: ltxcmds 2011/11/09 v1.22 LaTeX kernel commands for general use (HO)
)
("C:\Users\rafi\AppData\Local\Programs\MiKTeX 2.9\tex\xelatex\xunicode\xunicode
.sty"
File: xunicode.sty 2011/09/09 v0.981 provides access to latin accents and many 
other characters in Unicode lower plane
 ("C:\Users\rafi\AppData\Local\Programs\MiKTeX 2.9\tex\latex\tipa\t3enc.def"
File: t3enc.def 2001/12/31 T3 encoding
Requested font "cmsl10" at 10.0pt
Requested font "cmti10" at 10.0pt
Requested font "cmbx10" at 10.0pt
Requested font "cmss10" at 10.0pt
)
\tipaTiiicode=\count99
\tipasavetokens=\toks16
\tipachecktokens=\toks17

("C:\Users\rafi\AppData\Local\Programs\MiKTeX 2.9\tex\latex\graphics\graphicx.s
ty"
Package: graphicx 2014/10/28 v1.0g Enhanced LaTeX Graphics (DPC,SPQR)

("C:\Users\rafi\AppData\Local\Programs\MiKTeX 2.9\tex\latex\graphics\graphics.s
ty"
Package: graphics 2016/01/03 v1.0q Standard LaTeX Graphics (DPC,SPQR)

("C:\Users\rafi\AppData\Local\Programs\MiKTeX 2.9\tex\latex\graphics\trig.sty"
Package: trig 2016/01/03 v1.10 sin cos tan (DPC)
)
("C:\Users\rafi\AppData\Local\Programs\MiKTeX 2.9\tex\latex\00miktex\graphics.c
fg"
File: graphics.cfg 2010/04/23 v1.9 graphics configuration of TeX Live
)
Package graphics Info: Driver file: xetex.def on input line 95.

("C:\Users\rafi\AppData\Local\Programs\MiKTeX 2.9\tex\xelatex\xetex-def\xetex.d
ef"
File: xetex.def 2015/09/11 v4.06 LaTeX color/graphics driver for XeTeX (TeX Liv
e/RRM/JK)

("C:\Users\rafi\AppData\Local\Programs\MiKTeX 2.9\tex\generic\oberdiek\infwarer
r.sty"
Package: infwarerr 2010/04/08 v1.3 Providing info/warning/error messages (HO)
)))
\Gin@req@height=\dimen113
\Gin@req@width=\dimen114
))
("C:\Users\rafi\AppData\Local\Programs\MiKTeX 2.9\tex\latex\xltxtra\xltxtra.sty
"
Package: xltxtra 2016/01/21 v0.6 Improvements for the "XeLaTeX" format

("C:\Users\rafi\AppData\Local\Programs\MiKTeX 2.9\tex\generic\oberdiek\ifluatex
.sty"
Package: ifluatex 2010/03/01 v1.3 Provides the ifluatex switch (HO)
Package ifluatex Info: LuaTeX not detected.
)
("C:\Users\rafi\AppData\Local\Programs\MiKTeX 2.9\tex\generic\ifxetex\ifxetex.s
ty"
Package: ifxetex 2010/09/12 v0.6 Provides ifxetex conditional
)
("C:\Users\rafi\AppData\Local\Programs\MiKTeX 2.9\tex\latex\fontspec\fontspec.s
ty"
("C:\Users\rafi\AppData\Local\Programs\MiKTeX 2.9\tex\latex\l3kernel\expl3.sty"
Package: expl3 2016/01/19 v6377 L3 programming layer (loader) 

("C:\Users\rafi\AppData\Local\Programs\MiKTeX 2.9\tex\latex\l3kernel\expl3-code
.tex"
Package: expl3 2016/01/19 v6377 L3 programming layer (code)
L3 Module: l3bootstrap 2016/01/01 v6339 L3 Bootstrap code
L3 Module: l3names 2015/12/21 v6328 L3 Namespace for primitives
L3 Module: l3basics 2015/11/22 v6315 L3 Basic definitions
L3 Module: l3expan 2015/09/10 v5983 L3 Argument expansion
L3 Module: l3tl 2015/09/29 v6121 L3 Token lists
L3 Module: l3str 2016/01/03 v6357 L3 Strings
L3 Module: l3seq 2015/08/05 v5777 L3 Sequences and stacks
L3 Module: l3int 2016/01/05 v6366 L3 Integers
\c_max_int=\count100
\l_tmpa_int=\count101
\l_tmpb_int=\count102
\g_tmpa_int=\count103
\g_tmpb_int=\count104
L3 Module: l3quark 2015/08/17 v5855 L3 Quarks
L3 Module: l3prg 2015/11/01 v6216 L3 Control structures
\g__prg_map_int=\count105
L3 Module: l3clist 2015/09/02 v5901 L3 Comma separated lists
L3 Module: l3token 2015/11/11 v6249 L3 Experimental token manipulation
L3 Module: l3prop 2016/01/05 v6366 L3 Property lists
L3 Module: l3msg 2015/09/28 v6113 L3 Messages
L3 Module: l3file 2015/12/03 v6317 L3 File and I/O operations
\l_iow_line_count_int=\count106
\l__iow_target_count_int=\count107
\l__iow_current_line_int=\count108
\l__iow_current_word_int=\count109
\l__iow_current_indentation_int=\count110
L3 Module: l3skip 2016/01/05 v6366 L3 Dimensions and skips
\c_zero_dim=\dimen115
\c_max_dim=\dimen116
\l_tmpa_dim=\dimen117
\l_tmpb_dim=\dimen118
\g_tmpa_dim=\dimen119
\g_tmpb_dim=\dimen120
\c_zero_skip=\skip61
\c_max_skip=\skip62
\l_tmpa_skip=\skip63
\l_tmpb_skip=\skip64
\g_tmpa_skip=\skip65
\g_tmpb_skip=\skip66
\c_zero_muskip=\muskip10
\c_max_muskip=\muskip11
\l_tmpa_muskip=\muskip12
\l_tmpb_muskip=\muskip13
\g_tmpa_muskip=\muskip14
\g_tmpb_muskip=\muskip15
L3 Module: l3keys 2015/11/17 v6284 L3 Key-value interfaces
\g__keyval_level_int=\count111
\l_keys_choice_int=\count112
L3 Module: l3fp 2015/08/25 v5890 L3 Floating points
\c__fp_leading_shift_int=\count113
\c__fp_middle_shift_int=\count114
\c__fp_trailing_shift_int=\count115
\c__fp_big_leading_shift_int=\count116
\c__fp_big_middle_shift_int=\count117
\c__fp_big_trailing_shift_int=\count118
\c__fp_Bigg_leading_shift_int=\count119
\c__fp_Bigg_middle_shift_int=\count120
\c__fp_Bigg_trailing_shift_int=\count121
L3 Module: l3box 2015/08/09 v5822 L3 Experimental boxes
\c_empty_box=\box36
\l_tmpa_box=\box37
\l_tmpb_box=\box38
\g_tmpa_box=\box39
\g_tmpb_box=\box40
L3 Module: l3coffins 2015/08/06 v5789 L3 Coffin code layer
\l__coffin_internal_box=\box41
\l__coffin_internal_dim=\dimen121
\l__coffin_offset_x_dim=\dimen122
\l__coffin_offset_y_dim=\dimen123
\l__coffin_x_dim=\dimen124
\l__coffin_y_dim=\dimen125
\l__coffin_x_prime_dim=\dimen126
\l__coffin_y_prime_dim=\dimen127
\c_empty_coffin=\box42
\l__coffin_aligned_coffin=\box43
\l__coffin_aligned_internal_coffin=\box44
\l_tmpa_coffin=\box45
\l_tmpb_coffin=\box46
\l__coffin_display_coffin=\box47
\l__coffin_display_coord_coffin=\box48
\l__coffin_display_pole_coffin=\box49
\l__coffin_display_offset_dim=\dimen128
\l__coffin_display_x_dim=\dimen129
\l__coffin_display_y_dim=\dimen130
L3 Module: l3color 2014/08/23 v5354 L3 Experimental color support
L3 Module: l3sys 2015/09/25 v6087 L3 Experimental system/runtime functions
L3 Module: l3candidates 2016/01/14 v6376 L3 Experimental additions to l3kernel
\l__box_top_dim=\dimen131
\l__box_bottom_dim=\dimen132
\l__box_left_dim=\dimen133
\l__box_right_dim=\dimen134
\l__box_top_new_dim=\dimen135
\l__box_bottom_new_dim=\dimen136
\l__box_left_new_dim=\dimen137
\l__box_right_new_dim=\dimen138
\l__box_internal_box=\box50
\l__coffin_bounding_shift_dim=\dimen139
\l__coffin_left_corner_dim=\dimen140
\l__coffin_right_corner_dim=\dimen141
\l__coffin_bottom_corner_dim=\dimen142
\l__coffin_top_corner_dim=\dimen143
\l__coffin_scaled_total_height_dim=\dimen144
\l__coffin_scaled_width_dim=\dimen145
L3 Module: l3luatex 2015/11/11 v6250 L3 Experimental LuaTeX-specific functions
)
("C:\Users\rafi\AppData\Local\Programs\MiKTeX 2.9\tex\latex\l3kernel\l3xdvipdfm
x.def"
File: l3xdvidpfmx.def 2015/11/11 v6250 L3 Experimental driver: xdvipdfmx
))
("C:\Users\rafi\AppData\Local\Programs\MiKTeX 2.9\tex\latex\l3packages\xparse\x
parse.sty"
Package: xparse 2016/01/19 v6377 L3 Experimental document command parser
\l__xparse_current_arg_int=\count122
\l__xparse_m_args_int=\count123
\l__xparse_mandatory_args_int=\count124
\l__xparse_processor_int=\count125
\l__xparse_v_nesting_int=\count126
)
Package: fontspec 2016/02/01 v2.5a Font selection for XeLaTeX and LuaLaTeX

("C:\Users\rafi\AppData\Local\Programs\MiKTeX 2.9\tex\latex\fontspec\fontspec-x
etex.sty"
Package: fontspec-xetex 2016/02/01 v2.5a Font selection for XeLaTeX and LuaLaTe
X
\l_fontspec_script_int=\count127
\l_fontspec_language_int=\count128
\l_fontspec_strnum_int=\count129
\l__fontspec_tmpa_dim=\dimen146
\l__fontspec_tmpb_dim=\dimen147
\l__fontspec_tmpc_dim=\dimen148
\g__file_internal_ior=\read1

("C:\Users\rafi\AppData\Local\Programs\MiKTeX 2.9\tex\latex\base\fontenc.sty"
Package: fontenc 2005/09/27 v1.99g Standard LaTeX package

("C:\Users\rafi\AppData\Local\Programs\MiKTeX 2.9\tex\latex\euenc\eu1enc.def"
File: eu1enc.def 2010/05/27 v0.1h Experimental Unicode font encodings
)
LaTeX Font Info:    Try loading font information for EU1+lmr on input line 105.


("C:\Users\rafi\AppData\Local\Programs\MiKTeX 2.9\tex\latex\euenc\eu1lmr.fd"
File: eu1lmr.fd 2009/10/30 v1.6 Font defs for Latin Modern
)
Requested font "[lmroman10-regular]:mapping=tex-text" at 10.0pt
 -> C:/Users/rafi/AppData/Local/Programs/MiKTeX 2.9/fonts/opentype/public/lm/lm
roman10-regular.otf
)
.................................................
. LaTeX info: "xparse/define-command"
. 
. Defining command \__fontspec_post_arg:w with sig. 'mmO{}' on line 353.
.................................................
.................................................
. LaTeX info: "xparse/define-command"
. 
. Defining command \fontspec with sig. 'om' on line 355.
.................................................
.................................................
. LaTeX info: "xparse/define-command"
. 
. Defining command \setmainfont with sig. 'om' on line 365.
.................................................
.................................................
. LaTeX info: "xparse/define-command"
. 
. Defining command \setsansfont with sig. 'om' on line 375.
.................................................
.................................................
. LaTeX info: "xparse/define-command"
. 
. Defining command \setmonofont with sig. 'om' on line 385.
.................................................
.................................................
. LaTeX info: "xparse/define-command"
. 
. Defining command \setmathrm with sig. 'om' on line 399.
.................................................
.................................................
. LaTeX info: "xparse/define-command"
. 
. Defining command \setboldmathrm with sig. 'om' on line 407.
.................................................
.................................................
. LaTeX info: "xparse/define-command"
. 
. Defining command \setmathsf with sig. 'om' on line 415.
.................................................
.................................................
. LaTeX info: "xparse/define-command"
. 
. Defining command \setmathtt with sig. 'om' on line 423.
.................................................
.................................................
. LaTeX info: "xparse/define-command"
. 
. Defining command \newfontfamily with sig. 'mom' on line 437.
.................................................
.................................................
. LaTeX info: "xparse/define-command"
. 
. Defining command \newfontface with sig. 'mom' on line 453.
.................................................
.................................................
. LaTeX info: "xparse/define-command"
. 
. Defining command \defaultfontfeatures with sig. 't+om' on line 467.
.................................................
.................................................
. LaTeX info: "xparse/define-command"
. 
. Defining command \addfontfeatures with sig. 'm' on line 529.
.................................................
.................................................
. LaTeX info: "xparse/define-command"
. 
. Defining command \newfontfeature with sig. 'mm' on line 540.
.................................................
.................................................
. LaTeX info: "xparse/define-command"
. 
. Defining command \newAATfeature with sig. 'mmmm' on line 548.
.................................................
.................................................
. LaTeX info: "xparse/define-command"
. 
. Defining command \newopentypefeature with sig. 'mmm' on line 556.
.................................................
.................................................
. LaTeX info: "xparse/define-command"
. 
. Defining command \aliasfontfeature with sig. 'mm' on line 577.
.................................................
.................................................
. LaTeX info: "xparse/define-command"
. 
. Defining command \aliasfontfeatureoption with sig. 'mmm' on line 586.
.................................................
.................................................
. LaTeX info: "xparse/define-command"
. 
. Defining command \newfontscript with sig. 'mm' on line 590.
.................................................
.................................................
. LaTeX info: "xparse/define-command"
. 
. Defining command \newfontlanguage with sig. 'mm' on line 594.
.................................................
.................................................
. LaTeX info: "xparse/define-command"
. 
. Defining command \DeclareFontsExtensions with sig. 'm' on line 599.
.................................................
\l__fontspec_tmp_int=\count130

("C:\Users\rafi\AppData\Local\Programs\MiKTeX 2.9\tex\latex\fontspec\fontspec.c
fg")
LaTeX Info: Redefining \itshape on input line 2705.
LaTeX Info: Redefining \slshape on input line 2710.
LaTeX Info: Redefining \scshape on input line 2715.
LaTeX Info: Redefining \upshape on input line 2720.
\l__fontspec_em_int=\count131
\l__fontspec_emdef_int=\count132
LaTeX Info: Redefining \em on input line 2736.
LaTeX Info: Redefining \emph on input line 2742.
LaTeX Info: Redefining \- on input line 2746.
.................................................
. LaTeX info: "xparse/redefine-command"
. 
. Redefining command \oldstylenums with sig. 'm' on line 2841.
.................................................
.................................................
. LaTeX info: "xparse/define-command"
. 
. Defining command \liningnums with sig. 'm' on line 2845.
.................................................
))
("C:\Users\rafi\AppData\Local\Programs\MiKTeX 2.9\tex\latex\realscripts\realscr
ipts.sty"
Package: realscripts 2016/02/13 v0.3d Access OpenType subscripts and superscrip
ts
.................................................
. LaTeX info: "xparse/define-command"
. 
. Defining command \fakesubscript with sig. 'm' on line 19.
.................................................
.................................................
. LaTeX info: "xparse/define-command"
. 
. Defining command \fakesuperscript with sig. 'm' on line 22.
.................................................
.................................................
. LaTeX info: "xparse/redefine-command"
. 
. Redefining command \textsubscript with sig. 's' on line 25.
.................................................
.................................................
. LaTeX info: "xparse/redefine-command"
. 
. Redefining command \textsuperscript with sig. 's' on line 28.
.................................................
.................................................
. LaTeX info: "xparse/define-command"
. 
. Defining command \realsubscript with sig. 'm' on line 45.
.................................................
.................................................
. LaTeX info: "xparse/define-command"
. 
. Defining command \realsuperscript with sig. 'm' on line 60.
.................................................
.................................................
. LaTeX info: "xparse/define-command"
. 
. Defining command \textsubsuperscript with sig. 'sO{l}mm' on line 138.
.................................................
.................................................
. LaTeX info: "xparse/define-command"
. 
. Defining command \textsupersubscript with sig. 'sO{l}mm' on line 143.
.................................................
\subsupersep=\dimen149
)
("C:\Users\rafi\AppData\Local\Programs\MiKTeX 2.9\tex\latex\metalogo\metalogo.s
ty"
Package: metalogo 2010/05/29 v0.12 Extended TeX logo macros
\xl@everylogo=\toks18
\xl@@everylogo=\toks19
LaTeX Info: Redefining \TeX on input line 193.
LaTeX Info: Redefining \LaTeX on input line 202.
LaTeX Info: Redefining \LaTeXe on input line 219.
)
\l__xetex_show_hyphens_wrapping_box=\box51
\l__xetex_show_hyphens_temp_box=\box52
\l__xetex_show_hyphens_final_box=\box53
\g__xetex_show_hyphens_word_box=\box54
) (polyglossia.sty
Package: polyglossia 2012/04/29 v1.2.1 Babel replacement for XeLaTeX

("C:\Users\rafi\AppData\Local\Programs\MiKTeX 2.9\tex\latex\etoolbox\etoolbox.s
ty"
Package: etoolbox 2015/08/02 v2.2a e-TeX tools for LaTeX (JAW)
\etb@tempcnta=\count133
)
("C:\Users\rafi\AppData\Local\Programs\MiKTeX 2.9\tex\latex\makecmds\makecmds.s
ty"
Package: makecmds 2009/09/03 v1.0a extra command making commands
)
("C:\Users\rafi\AppData\Local\Programs\MiKTeX 2.9\tex\latex\xkeyval\xkeyval.sty
"
Package: xkeyval 2014/12/03 v2.7a package option processing (HA)

("C:\Users\rafi\AppData\Local\Programs\MiKTeX 2.9\tex\generic\xkeyval\xkeyval.t
ex"
("C:\Users\rafi\AppData\Local\Programs\MiKTeX 2.9\tex\generic\xkeyval\xkvutils.
tex"
\XKV@toks=\toks20
\XKV@tempa@toks=\toks21
)
\XKV@depth=\count134
File: xkeyval.tex 2014/12/03 v2.7a key=value parser (HA)
))
\xpg@normalclass=\XeTeXcharclass1
)
("C:\Users\rafi\AppData\Local\Programs\MiKTeX 2.9\tex\latex\fancyhdr\fancyhdr.s
ty"
\fancy@headwidth=\skip67
\f@ncyO@elh=\skip68
\f@ncyO@erh=\skip69
\f@ncyO@olh=\skip70
\f@ncyO@orh=\skip71
\f@ncyO@elf=\skip72
\f@ncyO@erf=\skip73
\f@ncyO@olf=\skip74
\f@ncyO@orf=\skip75
)
("C:\Users\rafi\AppData\Local\Programs\MiKTeX 2.9\tex\latex\amsmath\amsmath.sty
"
Package: amsmath 2016/03/03 v2.15a AMS math features
\@mathmargin=\skip76

For additional information on amsmath, use the `?' option.
("C:\Users\rafi\AppData\Local\Programs\MiKTeX 2.9\tex\latex\amsmath\amstext.sty
"
Package: amstext 2000/06/29 v2.01 AMS text
 ("C:\Users\rafi\AppData\Local\Programs\MiKTeX 2.9\tex\latex\amsmath\amsgen.sty
"
File: amsgen.sty 1999/11/30 v2.0 generic functions
\@emptytoks=\toks22
\ex@=\dimen150
))
("C:\Users\rafi\AppData\Local\Programs\MiKTeX 2.9\tex\latex\amsmath\amsbsy.sty"
Package: amsbsy 1999/11/29 v1.2d Bold Symbols
\pmbraise@=\dimen151
) ("C:\Users\rafi\AppData\Local\Programs\MiKTeX 2.9\tex\latex\amsmath\amsopn.st
y"
Package: amsopn 1999/12/14 v2.01 operator names
)
\inf@bad=\count135
LaTeX Info: Redefining \frac on input line 199.
\uproot@=\count136
\leftroot@=\count137
LaTeX Info: Redefining \overline on input line 297.
\classnum@=\count138
\DOTSCASE@=\count139
LaTeX Info: Redefining \ldots on input line 394.
LaTeX Info: Redefining \dots on input line 397.
LaTeX Info: Redefining \cdots on input line 518.
\Mathstrutbox@=\box55
\strutbox@=\box56
\big@size=\dimen152
LaTeX Font Info:    Redeclaring font encoding OML on input line 630.
LaTeX Font Info:    Redeclaring font encoding OMS on input line 631.
\macc@depth=\count140
\c@MaxMatrixCols=\count141
\dotsspace@=\muskip16
\c@parentequation=\count142
\dspbrk@lvl=\count143
\tag@help=\toks23
\row@=\count144
\column@=\count145
\maxfields@=\count146
\andhelp@=\toks24
\eqnshift@=\dimen153
\alignsep@=\dimen154
\tagshift@=\dimen155
\tagwidth@=\dimen156
\totwidth@=\dimen157
\lineht@=\dimen158
\@envbody=\toks25
\multlinegap=\skip77
\multlinetaggap=\skip78
\mathdisplay@stack=\toks26
LaTeX Info: Redefining \[ on input line 2735.
LaTeX Info: Redefining \] on input line 2736.
)
("C:\Users\rafi\AppData\Local\Programs\MiKTeX 2.9\tex\latex\xcolor\xcolor.sty"
Package: xcolor 2007/01/21 v2.11 LaTeX color extensions (UK)

("C:\Users\rafi\AppData\Local\Programs\MiKTeX 2.9\tex\latex\00miktex\color.cfg"
File: color.cfg 2007/01/18 v1.5 color configuration of teTeX/TeXLive
)
Package xcolor Info: Driver file: xetex.def on input line 225.
Package xcolor Info: Model `cmy' substituted by `cmy0' on input line 1337.
Package xcolor Info: Model `RGB' extended on input line 1353.
Package xcolor Info: Model `HTML' substituted by `rgb' on input line 1355.
Package xcolor Info: Model `Hsb' substituted by `hsb' on input line 1356.
Package xcolor Info: Model `tHsb' substituted by `hsb' on input line 1357.
Package xcolor Info: Model `HSB' substituted by `hsb' on input line 1358.
Package xcolor Info: Model `Gray' substituted by `gray' on input line 1359.
Package xcolor Info: Model `wave' substituted by `hsb' on input line 1360.
)
Requested font "SolaimanLipi/OT" at 10.0pt
 -> C:/WINDOWS/Fonts/SolaimanLipi-8-Jan-2011.ttf

*************************************************
* fontspec warning: "script-not-exist-latn"
* 
* Font 'SolaimanLipi' does not contain script 'Bengali'.
* 'Latin' script used instead.
*************************************************
\g__fontspec_family_SolaimanLipi_int=\count147
.................................................
. fontspec info: "defining-font"
. 
. Font family 'SolaimanLipi(0)' created for font 'SolaimanLipi' with options
. [BoldFont={},ItalicFont={},SmallCapsFont={},Script=Bengali].
. 
. This font family consists of the following NFSS series/shapes:
. - 'normal' (m/n) with NFSS spec.:
. <->"SolaimanLipi/OT:script=beng;language=DFLT;"
. - 'small caps'  (m/sc) with NFSS spec.: 
.................................................
Requested font "NikoshLight" at 10.0pt
 -> C:/WINDOWS/Fonts/NikoshLight.ttf
Requested font "NikoshLight/OT" at 10.0pt
 -> C:/WINDOWS/Fonts/NikoshLight.ttf
.................................................
. fontspec info: "no-scripts"
. 
. Font NikoshLight does not contain any OpenType `Script' information.
.................................................
\g__fontspec_family_NikoshLight_int=\count148
Requested font "NikoshLight/BI/OT" at 10.0pt
 -> C:/WINDOWS/Fonts/NikoshLight.ttf
.................................................
. fontspec info: "no-font-shape"
. 
. Could not resolve font NikoshLight/BI (it probably doesn't exist).
.................................................
Requested font "NikoshLight/B/OT" at 10.0pt
 -> C:/WINDOWS/Fonts/NikoshLight.ttf
.................................................
. fontspec info: "no-font-shape"
. 
. Could not resolve font NikoshLight/B (it probably doesn't exist).
.................................................
Requested font "NikoshLight/I/OT" at 10.0pt
 -> C:/WINDOWS/Fonts/NikoshLight.ttf
.................................................
. fontspec info: "no-font-shape"
. 
. Could not resolve font NikoshLight/I (it probably doesn't exist).
.................................................
.................................................
. fontspec info: "defining-font"
. 
. Font family 'NikoshLight(0)' created for font 'NikoshLight' with options
. [Ligatures=TeX].
. 
. This font family consists of the following NFSS series/shapes:
. - 'normal' (m/n) with NFSS spec.: <->"NikoshLight/OT:mapping=tex-text;"
. - 'small caps'  (m/sc) with NFSS spec.: 
.................................................
Requested font "NikoshLight/OT:mapping=tex-text;" at 10.0pt
 -> C:/WINDOWS/Fonts/NikoshLight.ttf
Requested font "SolaimanLipi" at 10.0pt
 -> C:/WINDOWS/Fonts/SolaimanLipi-8-Jan-2011.ttf
Requested font "SolaimanLipi/BI/OT" at 10.0pt
 -> C:/WINDOWS/Fonts/SolaimanLipi_Bold_10-03-12.ttf
Requested font "SolaimanLipi/B/OT" at 10.0pt
 -> C:/WINDOWS/Fonts/SolaimanLipi_Bold_10-03-12.ttf
Requested font "SolaimanLipi/I/OT" at 10.0pt
 -> C:/WINDOWS/Fonts/SolaimanLipi-8-Jan-2011.ttf
.................................................
. fontspec info: "no-font-shape"
. 
. Could not resolve font SolaimanLipi/I (it probably doesn't exist).
.................................................
Requested font "SolaimanLipi/B/OT" at 10.0pt
 -> C:/WINDOWS/Fonts/SolaimanLipi_Bold_10-03-12.ttf
Requested font "SolaimanLipi/B/OT" at 10.0pt
 -> C:/WINDOWS/Fonts/SolaimanLipi_Bold_10-03-12.ttf
Requested font "SolaimanLipi/BI/OT" at 10.0pt
 -> C:/WINDOWS/Fonts/SolaimanLipi_Bold_10-03-12.ttf
Requested font "SolaimanLipi/BI/OT" at 10.0pt
 -> C:/WINDOWS/Fonts/SolaimanLipi_Bold_10-03-12.ttf
.................................................
. fontspec info: "defining-font"
. 
. Font family 'SolaimanLipi(1)' created for font 'SolaimanLipi' with options
. [Ligatures=TeX].
. 
. This font family consists of the following NFSS series/shapes:
. - 'normal' (m/n) with NFSS spec.:
. <->"SolaimanLipi/OT:script=latn;language=DFLT;mapping=tex-text;"
. - 'small caps'  (m/sc) with NFSS spec.: - 'bold' (bx/n) with NFSS spec.:
. <->"SolaimanLipi/B/OT:script=latn;language=DFLT;mapping=tex-text;"
. - 'bold small caps'  (bx/sc) with NFSS spec.: - 'bold italic' (bx/it) with
. NFSS spec.:
. <->"SolaimanLipi/BI/OT:script=latn;language=DFLT;mapping=tex-text;"
. - 'bold italic small caps'  (bx/itsc) with NFSS spec.: 
.................................................
Requested font "Siyam Rupali" at 10.0pt
 -> C:/WINDOWS/Fonts/Siyamrupali.ttf
Requested font "Siyam Rupali/OT" at 10.0pt
 -> C:/WINDOWS/Fonts/Siyamrupali.ttf
.................................................
. fontspec info: "no-scripts"
. 
. Font Siyam Rupali does not contain any OpenType `Script' information.
.................................................
\g__fontspec_family_SiyamRupali_int=\count149
Requested font "Siyam Rupali/BI/OT" at 10.0pt
 -> C:/WINDOWS/Fonts/Siyamrupali.ttf
.................................................
. fontspec info: "no-font-shape"
. 
. Could not resolve font Siyam Rupali/BI (it probably doesn't exist).
.................................................
Requested font "Siyam Rupali/B/OT" at 10.0pt
 -> C:/WINDOWS/Fonts/Siyamrupali.ttf
.................................................
. fontspec info: "no-font-shape"
. 
. Could not resolve font Siyam Rupali/B (it probably doesn't exist).
.................................................
Requested font "Siyam Rupali/I/OT" at 10.0pt
 -> C:/WINDOWS/Fonts/Siyamrupali.ttf
.................................................
. fontspec info: "no-font-shape"
. 
. Could not resolve font Siyam Rupali/I (it probably doesn't exist).
.................................................
.................................................
. fontspec info: "defining-font"
. 
. Font family 'SiyamRupali(0)' created for font 'Siyam Rupali' with options
. [WordSpace={1,0,0},PunctuationSpace=WordSpace,Scale=0.85].
. 
. This font family consists of the following NFSS series/shapes:
. - 'normal' (m/n) with NFSS spec.: <->s*[0.85]"Siyam Rupali/OT:"
. - 'small caps'  (m/sc) with NFSS spec.: 
. and font adjustment code:
. \fontdimen 2\font =1\fontdimen 2\font \fontdimen 3\font =0\fontdimen 3\font
. \fontdimen 4\font =0\fontdimen 4\font \fontdimen 7\font =0\fontdimen 2\font 
.................................................
(gloss-bengali.ldf
File: gloss-bengali.ldf polyglossia: module for bengali
 (bengalidigits.sty
Package: bengalidigits 2013/08/06 v0.1 Formatting of Bengali digits
))
Package polyglossia Info: Default language is bengali.
Requested font "SolaimanLipi/OT:script=beng;language=DFLT;" at 10.0pt
 -> C:/WINDOWS/Fonts/SolaimanLipi-8-Jan-2011.ttf

*************************************************
* fontspec warning: "script-not-exist"
* 
* Font 'NikoshLight' does not contain script 'Bengali'.
*************************************************
.................................................
. fontspec info: "defining-font"
. 
. Font family 'NikoshLight(1)' created for font 'NikoshLight' with options
. [BoldFont={},ItalicFont={},SmallCapsFont={},Script=Bengali,Scale=1.12].
. 
. This font family consists of the following NFSS series/shapes:
. - 'normal' (m/n) with NFSS spec.:
. <->s*[1.12]"NikoshLight/OT:script=beng;language=DFLT;"
. - 'small caps'  (m/sc) with NFSS spec.: 
.................................................
Requested font "Nikosh/OT" at 10.0pt
 -> C:/WINDOWS/Fonts/Nikosh.ttf
*************************************************
* fontspec warning: "script-not-exist"
* 
* Font 'Nikosh' does not contain script 'Bengali'.
*************************************************
\g__fontspec_family_Nikosh_int=\count150
.................................................
. fontspec info: "defining-font"
. 
. Font family 'Nikosh(0)' created for font 'Nikosh' with options
. [BoldFont={},ItalicFont={},SmallCapsFont={},Script=Bengali,Scale=1.12].
. 
. This font family consists of the following NFSS series/shapes:
. - 'normal' (m/n) with NFSS spec.:
. <->s*[1.12]"Nikosh/OT:script=beng;language=DFLT;"
. - 'small caps'  (m/sc) with NFSS spec.: 
.................................................
*************************************************
* fontspec warning: "script-not-exist-latn"
* 
* Font 'SolaimanLipi' does not contain script 'Bengali'.
* 'Latin' script used instead.
*************************************************
*************************************************
* fontspec warning: "script-not-exist"
* 
* Font 'SolaimanLipi Bold' does not contain script 'Bengali'.
*************************************************
\g__fontspec_family_SolaimanLipiBold_int=\count151
.................................................
. fontspec info: "defining-font"
. 
. Font family 'SolaimanLipiBold(0)' created for font 'SolaimanLipi Bold' with
. options [BoldFont={},ItalicFont={},SmallCapsFont={},Script=Bengali].
. 
. This font family consists of the following NFSS series/shapes:
. - 'normal' (m/n) with NFSS spec.: <->"SolaimanLipi
. Bold/OT:script=beng;language=DFLT;"
. - 'small caps'  (m/sc) with NFSS spec.: 
.................................................
Requested font "Ekushey Durga/OT" at 10.0pt
 -> C:/WINDOWS/Fonts/Durga_03-09-2005.ttf
Requested font "Ekushey Durga/OT" at 10.0pt
 -> C:/WINDOWS/Fonts/Durga_03-09-2005.ttf
*************************************************
* fontspec warning: "script-not-exist"
* 
* Font 'Ekushey Durga' does not contain script 'Bengali'.
*************************************************
\g__fontspec_family_EkusheyDurga_int=\count152
Requested font "Ekushey Durga/OT" at 10.0pt
 -> C:/WINDOWS/Fonts/Durga_03-09-2005.ttf
Requested font "Ekushey Durga/OT" at 10.0pt
 -> C:/WINDOWS/Fonts/Durga_03-09-2005.ttf
.................................................
. fontspec info: "defining-font"
. 
. Font family 'EkusheyDurga(0)' created for font 'Ekushey Durga' with options
. [BoldFont={},ItalicFont={},SmallCapsFont={},Script=Bengali,Scale=1.0].
. 
. This font family consists of the following NFSS series/shapes:
. - 'normal' (m/n) with NFSS spec.: <->s*[1.0]"Ekushey
. Durga/OT:script=beng;language=DFLT;"
. - 'small caps'  (m/sc) with NFSS spec.: 
.................................................
Requested font "Ekushey Puja/OT" at 10.0pt
 -> C:/WINDOWS/Fonts/Puja-17-06-2006.ttf
Requested font "Ekushey Puja/OT" at 10.0pt
 -> C:/WINDOWS/Fonts/Puja-17-06-2006.ttf
*************************************************
* fontspec warning: "script-not-exist"
* 
* Font 'Ekushey Puja' does not contain script 'Bengali'.
*************************************************
\g__fontspec_family_EkusheyPuja_int=\count153
Requested font "Ekushey Puja/OT" at 10.0pt
 -> C:/WINDOWS/Fonts/Puja-17-06-2006.ttf
Requested font "Ekushey Puja/OT" at 10.0pt
 -> C:/WINDOWS/Fonts/Puja-17-06-2006.ttf
.................................................
. fontspec info: "defining-font"
. 
. Font family 'EkusheyPuja(0)' created for font 'Ekushey Puja' with options
. [BoldFont={},ItalicFont={},SmallCapsFont={},Script=Bengali,Scale=1.11].
. 
. This font family consists of the following NFSS series/shapes:
. - 'normal' (m/n) with NFSS spec.: <->s*[1.11]"Ekushey
. Puja/OT:script=beng;language=DFLT;"
. - 'small caps'  (m/sc) with NFSS spec.: 
.................................................
Requested font "Likhan/OT" at 10.0pt
 -> C:/WINDOWS/Fonts/LikhanNormal.ttf
*************************************************
* fontspec warning: "script-not-exist"
* 
* Font 'Likhan' does not contain script 'Bengali'.
*************************************************
\g__fontspec_family_Likhan_int=\count154
.................................................
. fontspec info: "defining-font"
. 
. Font family 'Likhan(0)' created for font 'Likhan' with options
. [BoldFont={},ItalicFont={},SmallCapsFont={},Script=Bengali,Scale=0.81].
. 
. This font family consists of the following NFSS series/shapes:
. - 'normal' (m/n) with NFSS spec.:
. <->s*[0.81]"Likhan/OT:script=beng;language=DFLT;"
. - 'small caps'  (m/sc) with NFSS spec.: 
.................................................
Requested font "Ekushey Punarbhaba/OT" at 10.0pt
 -> C:/WINDOWS/Fonts/Punarbhaba_27-02-2006.ttf
Requested font "Ekushey Punarbhaba/OT" at 10.0pt
 -> C:/WINDOWS/Fonts/Punarbhaba_27-02-2006.ttf
*************************************************
* fontspec warning: "script-not-exist"
* 
* Font 'Ekushey Punarbhaba' does not contain script 'Bengali'.
*************************************************
\g__fontspec_family_EkusheyPunarbhaba_int=\count155
Requested font "Ekushey Punarbhaba/OT" at 10.0pt
 -> C:/WINDOWS/Fonts/Punarbhaba_27-02-2006.ttf
Requested font "Ekushey Punarbhaba/OT" at 10.0pt
 -> C:/WINDOWS/Fonts/Punarbhaba_27-02-2006.ttf
.................................................
. fontspec info: "defining-font"
. 
. Font family 'EkusheyPunarbhaba(0)' created for font 'Ekushey Punarbhaba'
. with options
. [BoldFont={},ItalicFont={},SmallCapsFont={},Script=Bengali,Scale=0.91].
. 
. This font family consists of the following NFSS series/shapes:
. - 'normal' (m/n) with NFSS spec.: <->s*[0.91]"Ekushey
. Punarbhaba/OT:script=beng;language=DFLT;"
. - 'small caps'  (m/sc) with NFSS spec.: 
.................................................
.................................................
. fontspec info: "defining-font"
. 
. Font family 'SiyamRupali(1)' created for font 'Siyam Rupali' with options
. [BoldFont={},ItalicFont={},SmallCapsFont={},Script=Bengali,Scale=0.85].
. 
. This font family consists of the following NFSS series/shapes:
. - 'normal' (m/n) with NFSS spec.: <->s*[0.85]"Siyam
. Rupali/OT:script=bng2;language=DFLT;"
. - 'small caps'  (m/sc) with NFSS spec.: 
.................................................
Requested font "Kalpurush/OT" at 10.0pt
 -> C:/WINDOWS/Fonts/Kalpurush.ttf
\g__fontspec_family_Kalpurush_int=\count156
.................................................
. fontspec info: "defining-font"
. 
. Font family 'Kalpurush(0)' created for font 'Kalpurush' with options
. [BoldFont={},ItalicFont={},SmallCapsFont={},Script=Bengali,Scale=1.0].
. 
. This font family consists of the following NFSS series/shapes:
. - 'normal' (m/n) with NFSS spec.:
. <->s*[1.0]"Kalpurush/OT:script=bng2;language=DFLT;"
. - 'small caps'  (m/sc) with NFSS spec.: 
.................................................
Requested font "Lalsalu/OT" at 10.0pt
 -> C:/WINDOWS/Fonts/Lal-Salu.ttf
*************************************************
* fontspec warning: "script-not-exist"
* 
* Font 'Lalsalu' does not contain script 'Bengali'.
*************************************************
\g__fontspec_family_Lalsalu_int=\count157
.................................................
. fontspec info: "defining-font"
. 
. Font family 'Lalsalu(0)' created for font 'Lalsalu' with options
. [BoldFont={},ItalicFont={},SmallCapsFont={},Script=Bengali,Scale=1.0].
. 
. This font family consists of the following NFSS series/shapes:
. - 'normal' (m/n) with NFSS spec.:
. <->s*[1.0]"Lalsalu/OT:script=beng;language=DFLT;"
. - 'small caps'  (m/sc) with NFSS spec.: 
.................................................
\c@theorem=\count158
\c@definition=\count159
\c@exercise=\count160
)
("C:\Users\rafi\AppData\Local\Programs\MiKTeX 2.9\tex\latex\biblatex\biblatex.s
ty"
Package: biblatex 2016/03/03 v3.3 programmable bibliographies (PK/JW/AB)

("C:\Users\rafi\AppData\Local\Programs\MiKTeX 2.9\tex\latex\biblatex\biblatex_.
sty"
Package: biblatex_ 2016/03/03 v3.3 programmable bibliographies (biber) (PK/JW/A
B)

("C:\Users\rafi\AppData\Local\Programs\MiKTeX 2.9\tex\latex\oberdiek\kvoptions.
sty"
Package: kvoptions 2011/06/30 v3.11 Key value format for package options (HO)

("C:\Users\rafi\AppData\Local\Programs\MiKTeX 2.9\tex\generic\oberdiek\kvsetkey
s.sty"
Package: kvsetkeys 2012/04/25 v1.16 Key value parser (HO)

("C:\Users\rafi\AppData\Local\Programs\MiKTeX 2.9\tex\generic\oberdiek\etexcmds
.sty"
Package: etexcmds 2011/02/16 v1.5 Avoid name clashes with e-TeX commands (HO)
Package etexcmds Info: Could not find \expanded.
(etexcmds)             That can mean that you are not using pdfTeX 1.50 or
(etexcmds)             that some package has redefined \expanded.
(etexcmds)             In the latter case, load this package earlier.
)))
("C:\Users\rafi\AppData\Local\Programs\MiKTeX 2.9\tex\latex\logreq\logreq.sty"
Package: logreq 2010/08/04 v1.0 xml request logger
\lrq@indent=\count161

("C:\Users\rafi\AppData\Local\Programs\MiKTeX 2.9\tex\latex\logreq\logreq.def"
File: logreq.def 2010/08/04 v1.0 logreq spec v1.0
)) ("C:\Users\rafi\AppData\Local\Programs\MiKTeX 2.9\tex\latex\url\url.sty"
\Urlmuskip=\muskip17
Package: url 2013/09/16  ver 3.4  Verb mode for urls, etc.
)
\c@tabx@nest=\count162
\c@listtotal=\count163
\c@listcount=\count164
\c@liststart=\count165
\c@liststop=\count166
\c@citecount=\count167
\c@citetotal=\count168
\c@multicitecount=\count169
\c@multicitetotal=\count170
\c@instcount=\count171
\c@maxnames=\count172
\c@minnames=\count173
\c@maxitems=\count174
\c@minitems=\count175
\c@citecounter=\count176
\c@savedcitecounter=\count177
\c@uniquelist=\count178
\c@uniquename=\count179
\c@refsection=\count180
\c@refsegment=\count181
\c@maxextratitle=\count182
\c@maxextratitleyear=\count183
\c@maxextrayear=\count184
\c@maxextraalpha=\count185
\c@abbrvpenalty=\count186
\c@highnamepenalty=\count187
\c@lownamepenalty=\count188
\c@maxparens=\count189
\c@parenlevel=\count190
\blx@tempcnta=\count191
\blx@tempcntb=\count192
\blx@tempcntc=\count193
\blx@maxsection=\count194
\blx@maxsegment@0=\count195
\blx@notetype=\count196
\blx@parenlevel@text=\count197
\blx@parenlevel@foot=\count198
\blx@sectionciteorder@0=\count199
\labelnumberwidth=\skip79
\labelalphawidth=\skip80
\biblabelsep=\skip81
\bibitemsep=\skip82
\bibnamesep=\skip83
\bibinitsep=\skip84
\bibparsep=\skip85
\bibhang=\skip86
\blx@bcfin=\read2
\blx@bcfout=\write3
\c@mincomprange=\count266
\c@maxcomprange=\count267
\c@mincompwidth=\count268
Package biblatex Info: Trying to load biblatex default data model...
Package biblatex Info: ... file 'blx-dm.def' found.

("C:\Users\rafi\AppData\Local\Programs\MiKTeX 2.9\tex\latex\biblatex\blx-dm.def
")
Package biblatex Info: Trying to load biblatex style data model...
Package biblatex Info: ... file 'alphabetic.dbx' not found.
Package biblatex Info: Trying to load biblatex custom data model...
Package biblatex Info: ... file 'biblatex-dm.cfg' not found.
\c@afterword=\count269
\c@savedafterword=\count270
\c@annotator=\count271
\c@savedannotator=\count272
\c@author=\count273
\c@savedauthor=\count274
\c@bookauthor=\count275
\c@savedbookauthor=\count276
\c@commentator=\count277
\c@savedcommentator=\count278
\c@editor=\count279
\c@savededitor=\count280
\c@editora=\count281
\c@savededitora=\count282
\c@editorb=\count283
\c@savededitorb=\count284
\c@editorc=\count285
\c@savededitorc=\count286
\c@foreword=\count287
\c@savedforeword=\count288
\c@holder=\count289
\c@savedholder=\count290
\c@introduction=\count291
\c@savedintroduction=\count292
\c@namea=\count293
\c@savednamea=\count294
\c@nameb=\count295
\c@savednameb=\count296
\c@namec=\count297
\c@savednamec=\count298
\c@translator=\count299
\c@savedtranslator=\count300
\c@shortauthor=\count301
\c@savedshortauthor=\count302
\c@shorteditor=\count303
\c@savedshorteditor=\count304
\c@labelname=\count305
\c@savedlabelname=\count306
\c@institution=\count307
\c@savedinstitution=\count308
\c@lista=\count309
\c@savedlista=\count310
\c@listb=\count311
\c@savedlistb=\count312
\c@listc=\count313
\c@savedlistc=\count314
\c@listd=\count315
\c@savedlistd=\count316
\c@liste=\count317
\c@savedliste=\count318
\c@listf=\count319
\c@savedlistf=\count320
\c@location=\count321
\c@savedlocation=\count322
\c@organization=\count323
\c@savedorganization=\count324
\c@origlocation=\count325
\c@savedoriglocation=\count326
\c@origpublisher=\count327
\c@savedorigpublisher=\count328
\c@publisher=\count329
\c@savedpublisher=\count330
\c@language=\count331
\c@savedlanguage=\count332
\c@pageref=\count333
\c@savedpageref=\count334
\shorthandwidth=\skip87
\shortjournalwidth=\skip88
\shortserieswidth=\skip89
\shorttitlewidth=\skip90
\shortauthorwidth=\skip91
\shorteditorwidth=\skip92
Package biblatex Info: Trying to load compatibility code...
Package biblatex Info: ... file 'blx-compat.def' found.

("C:\Users\rafi\AppData\Local\Programs\MiKTeX 2.9\tex\latex\biblatex\blx-compat
.def"
File: blx-compat.def 2016/03/03 v3.3 biblatex compatibility (PK/JW/AB)
)
Package biblatex Info: Trying to load generic definitions...
Package biblatex Info: ... file 'biblatex_.def' found.

("C:\Users\rafi\AppData\Local\Programs\MiKTeX 2.9\tex\latex\biblatex\biblatex_.
def"
File: biblatex_.def 
\c@textcitecount=\count335
\c@textcitetotal=\count336
\c@textcitemaxnames=\count337
\c@biburlnumpenalty=\count338
\c@biburlucpenalty=\count339
\c@biburllcpenalty=\count340
\c@smartand=\count341
)
Package biblatex Info: Trying to load bibliography style 'alphabetic'...
Package biblatex Info: ... file 'alphabetic.bbx' found.

("C:\Users\rafi\AppData\Local\Programs\MiKTeX 2.9\tex\latex\biblatex\bbx\alphab
etic.bbx"
File: alphabetic.bbx 2016/03/03 v3.3 biblatex bibliography style (PK/JW/AB)
Package biblatex Info: Trying to load bibliography style 'standard'...
Package biblatex Info: ... file 'standard.bbx' found.

("C:\Users\rafi\AppData\Local\Programs\MiKTeX 2.9\tex\latex\biblatex\bbx\standa
rd.bbx"
File: standard.bbx 2016/03/03 v3.3 biblatex bibliography style (PK/JW/AB)
\c@bbx:relatedcount=\count342
\c@bbx:relatedtotal=\count343
))
Package biblatex Info: Trying to load citation style 'alphabetic'...
Package biblatex Info: ... file 'alphabetic.cbx' found.

("C:\Users\rafi\AppData\Local\Programs\MiKTeX 2.9\tex\latex\biblatex\cbx\alphab
etic.cbx"
File: alphabetic.cbx 2016/03/03 v3.3 biblatex citation style (PK/JW/AB)
Package biblatex Info: Redefining '\cite'.
Package biblatex Info: Redefining '\parencite'.
Package biblatex Info: Redefining '\footcite'.
Package biblatex Info: Redefining '\footcitetext'.
Package biblatex Info: Redefining '\smartcite'.
Package biblatex Info: Redefining '\textcite'.
Package biblatex Info: Redefining '\textcites'.
Package biblatex Info: Redefining '\cites'.
Package biblatex Info: Redefining '\parencites'.
Package biblatex Info: Redefining '\smartcites'.
)
Package biblatex Info: Trying to load configuration file...
Package biblatex Info: ... file 'biblatex.cfg' found.

("C:\Users\rafi\AppData\Local\Programs\MiKTeX 2.9\tex\latex\biblatex\biblatex.c
fg"
File: biblatex.cfg 
)))
("C:\Users\rafi\AppData\Local\Programs\MiKTeX 2.9\tex\latex\hyperref\hyperref.s
ty"
Package: hyperref 2012/11/06 v6.83m Hypertext links for LaTeX

("C:\Users\rafi\AppData\Local\Programs\MiKTeX 2.9\tex\generic\oberdiek\hobsub-h
yperref.sty"
Package: hobsub-hyperref 2012/04/25 v1.12 Bundle oberdiek, subset hyperref (HO)


("C:\Users\rafi\AppData\Local\Programs\MiKTeX 2.9\tex\generic\oberdiek\hobsub-g
eneric.sty"
Package: hobsub-generic 2012/04/25 v1.12 Bundle oberdiek, subset generic (HO)
Package: hobsub 2012/04/25 v1.12 Construct package bundles (HO)
Package hobsub Info: Skipping package `infwarerr' (already loaded).
Package hobsub Info: Skipping package `ltxcmds' (already loaded).
Package hobsub Info: Skipping package `ifluatex' (already loaded).
Package: ifvtex 2010/03/01 v1.5 Detect VTeX and its facilities (HO)
Package ifvtex Info: VTeX not detected.
Package: intcalc 2007/09/27 v1.1 Expandable calculations with integers (HO)
Package: ifpdf 2011/01/30 v2.3 Provides the ifpdf switch (HO)
Package ifpdf Info: pdfTeX in PDF mode is not detected.
Package hobsub Info: Skipping package `etexcmds' (already loaded).
Package hobsub Info: Skipping package `kvsetkeys' (already loaded).
Package: kvdefinekeys 2011/04/07 v1.3 Define keys (HO)
Package: pdftexcmds 2011/11/29 v0.20 Utility functions of pdfTeX for LuaTeX (HO
)
Package pdftexcmds Info: LuaTeX not detected.
Package pdftexcmds Info: pdfTeX >= 1.30 not detected.
Package pdftexcmds Info: \pdf@primitive is available.
Package pdftexcmds Info: \pdf@ifprimitive is available.
Package pdftexcmds Info: \pdfdraftmode not found.
Package: pdfescape 2011/11/25 v1.13 Implements pdfTeX's escape features (HO)
Package: bigintcalc 2012/04/08 v1.3 Expandable calculations on big integers (HO
)
Package: bitset 2011/01/30 v1.1 Handle bit-vector datatype (HO)
Package: uniquecounter 2011/01/30 v1.2 Provide unlimited unique counter (HO)
)
Package hobsub Info: Skipping package `hobsub' (already loaded).
Package: letltxmacro 2010/09/02 v1.4 Let assignment for LaTeX macros (HO)
Package: hopatch 2011/06/24 v1.1 Wrapper for package hooks (HO)
Package: xcolor-patch 2011/01/30 xcolor patch
Package: atveryend 2011/06/30 v1.8 Hooks at the very end of document (HO)
Package: atbegshi 2011/10/05 v1.16 At begin shipout hook (HO)
Package: refcount 2011/10/16 v3.4 Data extraction from label references (HO)
Package: hycolor 2011/01/30 v1.7 Color options for hyperref/bookmark (HO)
)
("C:\Users\rafi\AppData\Local\Programs\MiKTeX 2.9\tex\latex\oberdiek\auxhook.st
y"
Package: auxhook 2011/03/04 v1.3 Hooks for auxiliary files (HO)
)
\@linkdim=\dimen159
\Hy@linkcounter=\count344
\Hy@pagecounter=\count345

("C:\Users\rafi\AppData\Local\Programs\MiKTeX 2.9\tex\latex\hyperref\pd1enc.def
"
File: pd1enc.def 2012/11/06 v6.83m Hyperref: PDFDocEncoding definition (HO)
)
\Hy@SavedSpaceFactor=\count346

("C:\Users\rafi\AppData\Local\Programs\MiKTeX 2.9\tex\latex\00miktex\hyperref.c
fg"
File: hyperref.cfg 2002/06/06 v1.2 hyperref configuration of TeXLive
)
Package hyperref Info: Option `colorlinks' set `true' on input line 4319.
Package hyperref Info: Hyper figures OFF on input line 4443.
Package hyperref Info: Link nesting OFF on input line 4448.
Package hyperref Info: Hyper index ON on input line 4451.
Package hyperref Info: Plain pages OFF on input line 4458.
Package hyperref Info: Backreferencing OFF on input line 4463.
Package hyperref Info: Implicit mode ON; LaTeX internals redefined.
Package hyperref Info: Bookmarks ON on input line 4688.
\c@Hy@tempcnt=\count347
LaTeX Info: Redefining \url on input line 5041.
\XeTeXLinkMargin=\dimen160
Requested font "pzdr" at 0.00002pt
\Fld@menulength=\count348
\Field@Width=\dimen161
\Fld@charsize=\dimen162
Package hyperref Info: Hyper figures OFF on input line 6295.
Package hyperref Info: Link nesting OFF on input line 6300.
Package hyperref Info: Hyper index ON on input line 6303.
Package hyperref Info: backreferencing OFF on input line 6310.
Package hyperref Info: Link coloring ON on input line 6313.
Package hyperref Info: Link coloring with OCG OFF on input line 6320.
Package hyperref Info: PDF/A mode OFF on input line 6325.
LaTeX Info: Redefining \ref on input line 6365.
LaTeX Info: Redefining \pageref on input line 6369.
\Hy@abspage=\count349
\c@Item=\count350
\c@Hfootnote=\count351
)

Package hyperref Message: Driver: hxetex.

("C:\Users\rafi\AppData\Local\Programs\MiKTeX 2.9\tex\latex\hyperref\hxetex.def
"
File: hxetex.def 2012/11/06 v6.83m Hyperref driver for XeTeX
 ("C:\Users\rafi\AppData\Local\Programs\MiKTeX 2.9\tex\latex\hyperref\puenc.def
"
File: puenc.def 2012/11/06 v6.83m Hyperref: PDF Unicode definition (HO)
)
("C:\Users\rafi\AppData\Local\Programs\MiKTeX 2.9\tex\generic\oberdiek\stringen
c.sty"
Package: stringenc 2011/12/02 v1.10 Convert strings between diff. encodings (HO
)
)
\pdfm@box=\box57
\c@Hy@AnnotLevel=\count352
\HyField@AnnotCount=\count353
\Fld@listcount=\count354
\c@bookmark@seq@number=\count355

("C:\Users\rafi\AppData\Local\Programs\MiKTeX 2.9\tex\latex\oberdiek\rerunfilec
heck.sty"
Package: rerunfilecheck 2011/04/15 v1.7 Rerun checks for auxiliary files (HO)
Package rerunfilecheck Info: Feature \pdfmdfivesum is not available
(rerunfilecheck)             (e.g. pdfTeX or LuaTeX with package `pdftexcmds').

(rerunfilecheck)             Therefore file contents cannot be checked efficien
tly
(rerunfilecheck)             and the loading of the package is aborted.
)
\Hy@SectionHShift=\skip93
)

Package biblatex Warning: Upgrade package 'polyglossia' to >v1.42.0 recommended
.

Package biblatex Info: Trying to load language 'bengali'...
Package biblatex Info: ... file 'bengali.lbx' not found.

Package biblatex Warning: Language 'bengali' not supported.
(biblatex)                Using fallback language 'english' on input line 16.

Package biblatex Info: Trying to load language 'english'...
Package biblatex Info: ... file 'english.lbx' found.

("C:\Users\rafi\AppData\Local\Programs\MiKTeX 2.9\tex\latex\biblatex\lbx\englis
h.lbx"
File: english.lbx 2016/03/03 v3.3 biblatex localization (PK/JW/AB)
)

Package biblatex Warning: 'babel/polyglossia' detected but 'csquotes' missing.
(biblatex)                Loading 'csquotes' recommended.

\@quotelevel=\count356
\@quotereset=\count357
(base.aux)
\openout1 = `base.aux'.

LaTeX Font Info:    Checking defaults for OML/cmm/m/it on input line 16.
LaTeX Font Info:    ... okay on input line 16.
LaTeX Font Info:    Checking defaults for T1/cmr/m/n on input line 16.
LaTeX Font Info:    ... okay on input line 16.
LaTeX Font Info:    Checking defaults for OT1/cmr/m/n on input line 16.
LaTeX Font Info:    ... okay on input line 16.
LaTeX Font Info:    Checking defaults for OMS/cmsy/m/n on input line 16.
LaTeX Font Info:    ... okay on input line 16.
LaTeX Font Info:    Checking defaults for OMX/cmex/m/n on input line 16.
LaTeX Font Info:    ... okay on input line 16.
LaTeX Font Info:    Checking defaults for U/cmr/m/n on input line 16.
LaTeX Font Info:    ... okay on input line 16.
LaTeX Font Info:    Checking defaults for T3/cmr/m/n on input line 16.
LaTeX Font Info:    Try loading font information for T3+cmr on input line 16.

("C:\Users\rafi\AppData\Local\Programs\MiKTeX 2.9\tex\latex\tipa\t3cmr.fd"
File: t3cmr.fd 2001/12/31 TIPA font definitions
)
LaTeX Font Info:    ... okay on input line 16.
LaTeX Font Info:    Checking defaults for EU1/lmr/m/n on input line 16.
LaTeX Font Info:    ... okay on input line 16.
LaTeX Font Info:    Checking defaults for PD1/pdf/m/n on input line 16.
LaTeX Font Info:    ... okay on input line 16.
LaTeX Font Info:    Checking defaults for PU/pdf/m/n on input line 16.
LaTeX Font Info:    ... okay on input line 16.
\c@lstlisting=\count358
.................................................
. fontspec info: "setup-math"
. 
. Adjusting the maths setup (use [no-math] to avoid this).
.................................................
\symlegacymaths=\mathgroup4
LaTeX Font Info:    Overwriting symbol font `legacymaths' in version `bold'
(Font)                  OT1/cmr/m/n --> OT1/cmr/bx/n on input line 16.
LaTeX Font Info:    Redeclaring math accent \acute on input line 16.
LaTeX Font Info:    Redeclaring math accent \grave on input line 16.
LaTeX Font Info:    Redeclaring math accent \ddot on input line 16.
LaTeX Font Info:    Redeclaring math accent \tilde on input line 16.
LaTeX Font Info:    Redeclaring math accent \bar on input line 16.
LaTeX Font Info:    Redeclaring math accent \breve on input line 16.
LaTeX Font Info:    Redeclaring math accent \check on input line 16.
LaTeX Font Info:    Redeclaring math accent \hat on input line 16.
LaTeX Font Info:    Redeclaring math accent \dot on input line 16.
LaTeX Font Info:    Redeclaring math accent \mathring on input line 16.
LaTeX Font Info:    Redeclaring math symbol \Gamma on input line 16.
LaTeX Font Info:    Redeclaring math symbol \Delta on input line 16.
LaTeX Font Info:    Redeclaring math symbol \Theta on input line 16.
LaTeX Font Info:    Redeclaring math symbol \Lambda on input line 16.
LaTeX Font Info:    Redeclaring math symbol \Xi on input line 16.
LaTeX Font Info:    Redeclaring math symbol \Pi on input line 16.
LaTeX Font Info:    Redeclaring math symbol \Sigma on input line 16.
LaTeX Font Info:    Redeclaring math symbol \Upsilon on input line 16.
LaTeX Font Info:    Redeclaring math symbol \Phi on input line 16.
LaTeX Font Info:    Redeclaring math symbol \Psi on input line 16.
LaTeX Font Info:    Redeclaring math symbol \Omega on input line 16.
LaTeX Font Info:    Redeclaring math symbol \mathdollar on input line 16.
LaTeX Font Info:    Redeclaring symbol font `operators' on input line 16.
LaTeX Font Info:    Encoding `OT1' has changed to `EU1' for symbol font
(Font)              `operators' in the math version `normal' on input line 16.
LaTeX Font Info:    Overwriting symbol font `operators' in version `normal'
(Font)                  OT1/cmr/m/n --> EU1/NikoshLight(0)/m/n on input line 16
.
LaTeX Font Info:    Encoding `OT1' has changed to `EU1' for symbol font
(Font)              `operators' in the math version `bold' on input line 16.
LaTeX Font Info:    Overwriting symbol font `operators' in version `bold'
(Font)                  OT1/cmr/bx/n --> EU1/NikoshLight(0)/m/n on input line 1
6.
LaTeX Font Info:    Overwriting symbol font `operators' in version `normal'
(Font)                  EU1/NikoshLight(0)/m/n --> EU1/NikoshLight(0)/m/n on in
put line 16.
LaTeX Font Info:    Overwriting math alphabet `\mathit' in version `normal'
(Font)                  OT1/cmr/m/it --> EU1/NikoshLight(0)/m/it on input line 
16.
LaTeX Font Info:    Overwriting math alphabet `\mathbf' in version `normal'
(Font)                  OT1/cmr/bx/n --> EU1/NikoshLight(0)/bx/n on input line 
16.
LaTeX Font Info:    Overwriting math alphabet `\mathsf' in version `normal'
(Font)                  OT1/cmss/m/n --> EU1/SolaimanLipi(1)/m/n on input line 
16.
LaTeX Font Info:    Overwriting math alphabet `\mathtt' in version `normal'
(Font)                  OT1/cmtt/m/n --> EU1/SiyamRupali(0)/m/n on input line 1
6.
LaTeX Font Info:    Overwriting symbol font `operators' in version `bold'
(Font)                  EU1/NikoshLight(0)/m/n --> EU1/NikoshLight(0)/bx/n on i
nput line 16.
LaTeX Font Info:    Overwriting math alphabet `\mathit' in version `bold'
(Font)                  OT1/cmr/bx/it --> EU1/NikoshLight(0)/bx/it on input lin
e 16.
LaTeX Font Info:    Overwriting math alphabet `\mathsf' in version `bold'
(Font)                  OT1/cmss/bx/n --> EU1/SolaimanLipi(1)/bx/n on input lin
e 16.
LaTeX Font Info:    Overwriting math alphabet `\mathtt' in version `bold'
(Font)                  OT1/cmtt/m/n --> EU1/SiyamRupali(0)/bx/n on input line 
16.
Package biblatex Info: XeTeX detected.
(biblatex)             Assuming input encoding 'utf8'.
Package biblatex Info: Automatic encoding selection.
(biblatex)             Assuming data encoding 'utf8'.
\openout3 = `base.bcf'.

Package biblatex Info: Trying to load bibliographic data...
Package biblatex Info: ... file 'base.bbl' not found.

No file base.bbl.
Package biblatex Info: Reference section=0 on input line 16.
Package biblatex Info: Reference segment=0 on input line 16.
\AtBeginShipoutBox=\box58
Package hyperref Info: Link coloring ON on input line 16.

("C:\Users\rafi\AppData\Local\Programs\MiKTeX 2.9\tex\latex\hyperref\nameref.st
y"
Package: nameref 2012/10/27 v2.43 Cross-referencing by name of section

("C:\Users\rafi\AppData\Local\Programs\MiKTeX 2.9\tex\generic\oberdiek\gettitle
string.sty"
Package: gettitlestring 2010/12/03 v1.4 Cleanup title references (HO)
)
\c@section@level=\count359
)
LaTeX Info: Redefining \ref on input line 16.
LaTeX Info: Redefining \pageref on input line 16.
LaTeX Info: Redefining \nameref on input line 16.
 (base.out) (base.out)
\@outlinefile=\write4
\openout4 = `base.out'.

Requested font "SolaimanLipi/OT:script=beng;language=DFLT;" at 17.28pt
 -> C:/WINDOWS/Fonts/SolaimanLipi-8-Jan-2011.ttf
Requested font "SolaimanLipi/OT:script=beng;language=DFLT;" at 12.0pt
 -> C:/WINDOWS/Fonts/SolaimanLipi-8-Jan-2011.ttf
Requested font "NikoshLight/OT:mapping=tex-text;" at 12.0pt
 -> C:/WINDOWS/Fonts/NikoshLight.ttf
Requested font "NikoshLight/OT:mapping=tex-text;" at 8.0pt
 -> C:/WINDOWS/Fonts/NikoshLight.ttf
Requested font "NikoshLight/OT:mapping=tex-text;" at 6.0pt
 -> C:/WINDOWS/Fonts/NikoshLight.ttf
Requested font "cmmi12" at 12.0pt
Requested font "cmmi8" at 8.0pt
Requested font "cmmi6" at 6.0pt
Requested font "cmsy10" at 12.0pt
Requested font "cmsy8" at 8.0pt
Requested font "cmsy6" at 6.0pt
Requested font "cmex10" at 12.0pt
Requested font "cmex8" at 8.0pt
Requested font "cmex7" at 6.0pt
Requested font "cmr12" at 12.0pt
Requested font "cmr8" at 8.0pt
Requested font "cmr6" at 6.0pt
Requested font "SolaimanLipi/OT:script=beng;language=DFLT;" at 8.0pt
 -> C:/WINDOWS/Fonts/SolaimanLipi-8-Jan-2011.ttf
Requested font "SolaimanLipi/OT:script=beng;language=DFLT;" at 9.0pt
 -> C:/WINDOWS/Fonts/SolaimanLipi-8-Jan-2011.ttf


LaTeX Font Warning: Font shape `EU1/SolaimanLipi(0)/bx/n' undefined
(Font)              using `EU1/SolaimanLipi(0)/m/n' instead on input line 24.

Requested font "SolaimanLipi/OT:script=beng;language=DFLT;" at 14.4pt
 -> C:/WINDOWS/Fonts/SolaimanLipi-8-Jan-2011.ttf
(base.toc)
\tf@toc=\write5
\openout5 = `base.toc'.

 (base.lof
Requested font "NikoshLight/OT:mapping=tex-text;" at 9.0pt
 -> C:/WINDOWS/Fonts/NikoshLight.ttf
Requested font "NikoshLight/OT:mapping=tex-text;" at 5.0pt
 -> C:/WINDOWS/Fonts/NikoshLight.ttf
Requested font "cmmi9" at 9.0pt
Requested font "cmsy9" at 9.0pt
Requested font "cmex9" at 9.0pt
Requested font "cmex7" at 5.0pt
Requested font "cmr9" at 9.0pt
)
\tf@lof=\write6
\openout6 = `base.lof'.

 (base.lot
("C:\Users\rafi\AppData\Local\Programs\MiKTeX 2.9\tex\generic\oberdiek\se-ascii
-print.def"
File: se-ascii-print.def 2011/12/02 v1.10 stringenc: Printable ASCII characters

) [1

])
\tf@lot=\write7
\openout7 = `base.lot'.

 (base.loa)
\tf@loa=\write8
\openout8 = `base.loa'.

 (base.lol)
\tf@lol=\write9
\openout9 = `base.lol'.

 [2]
Overfull \hbox (0.32721pt too wide) in paragraph at lines 54--55
\EU1/SolaimanLipi(0)/bx/n/9         
   -
 []


LaTeX Warning: Citation 'thisdoc' on page 1 undefined on input line 58.

Requested font "SolaimanLipi/OT:script=beng;language=DFLT;" at 6.0pt
 -> C:/WINDOWS/Fonts/SolaimanLipi-8-Jan-2011.ttf

Overfull \hbox (0.36243pt too wide) in paragraph at lines 58--59
\l_fontspec_font Ubuntu)   (TeX Live)   (Windows)  (MiK
TeX) 
 []

[1]
Requested font "SolaimanLipi/OT:script=beng;language=DFLT;" at 7.0pt
 -> C:/WINDOWS/Fonts/SolaimanLipi-8-Jan-2011.ttf
LaTeX Font Info:    Try loading font information for OMS+SolaimanLipi(0) on inp
ut line 90.
LaTeX Font Info:    No file OMSSolaimanLipi(0).fd. on input line 90.


LaTeX Font Warning: Font shape `OMS/SolaimanLipi(0)/m/n' undefined
(Font)              using `OMS/cmsy/m/n' instead
(Font)              for symbol `textbullet' on input line 90.

[2] [3] [4] [5]
LaTeX Font Info:    Font shape `EU1/NikoshLight(1)/m/n' will be
(Font)              scaled to size 10.07996pt on input line 142.
Requested font "NikoshLight/OT:script=beng;language=DFLT;" at 10.07996pt
 -> C:/WINDOWS/Fonts/NikoshLight.ttf
LaTeX Font Info:    Font shape `EU1/Nikosh(0)/m/n' will be
(Font)              scaled to size 10.07996pt on input line 143.
Requested font "Nikosh/OT:script=beng;language=DFLT;" at 10.07996pt
 -> C:/WINDOWS/Fonts/Nikosh.ttf
Requested font "SolaimanLipi Bold/OT:script=beng;language=DFLT;" at 9.0pt
 -> C:/WINDOWS/Fonts/SolaimanLipi_Bold_10-03-12.ttf
LaTeX Font Info:    Font shape `EU1/EkusheyDurga(0)/m/n' will be
(Font)              scaled to size 9.0pt on input line 146.
Requested font "Ekushey Durga/OT:script=beng;language=DFLT;" at 9.0pt
 -> C:/WINDOWS/Fonts/Durga_03-09-2005.ttf
LaTeX Font Info:    Font shape `EU1/EkusheyPuja(0)/m/n' will be
(Font)              scaled to size 9.99pt on input line 147.
Requested font "Ekushey Puja/OT:script=beng;language=DFLT;" at 9.99pt
 -> C:/WINDOWS/Fonts/Puja-17-06-2006.ttf
LaTeX Font Info:    Font shape `EU1/Likhan(0)/m/n' will be
(Font)              scaled to size 7.28998pt on input line 148.
Requested font "Likhan/OT:script=beng;language=DFLT;" at 7.28998pt
 -> C:/WINDOWS/Fonts/LikhanNormal.ttf
LaTeX Font Info:    Font shape `EU1/SiyamRupali(1)/m/n' will be
(Font)              scaled to size 7.65005pt on input line 149.
Requested font "Siyam Rupali/OT:script=bng2;language=DFLT;" at 7.65005pt
 -> C:/WINDOWS/Fonts/Siyamrupali.ttf
LaTeX Font Info:    Font shape `EU1/EkusheyPunarbhaba(0)/m/n' will be
(Font)              scaled to size 8.19003pt on input line 150.
Requested font "Ekushey Punarbhaba/OT:script=beng;language=DFLT;" at 8.19003pt
 -> C:/WINDOWS/Fonts/Punarbhaba_27-02-2006.ttf
LaTeX Font Info:    Font shape `EU1/Kalpurush(0)/m/n' will be
(Font)              scaled to size 9.0pt on input line 151.
Requested font "Kalpurush/OT:script=bng2;language=DFLT;" at 9.0pt
 -> C:/WINDOWS/Fonts/Kalpurush.ttf
LaTeX Font Info:    Font shape `EU1/Lalsalu(0)/m/n' will be
(Font)              scaled to size 9.0pt on input line 152.
Requested font "Lalsalu/OT:script=beng;language=DFLT;" at 9.0pt
 -> C:/WINDOWS/Fonts/Lal-Salu.ttf


LaTeX Font Warning: Font shape `EU1/NikoshLight(0)/m/it' undefined
(Font)              using `EU1/NikoshLight(0)/m/n' instead on input line 191.

[6]

LaTeX Font Warning: Font shape `EU1/SolaimanLipiBold(0)/bx/n' undefined
(Font)              using `EU1/SolaimanLipiBold(0)/m/n' instead on input line 2
04.


LaTeX Font Warning: Font shape `EU1/SolaimanLipi(0)/m/it' undefined
(Font)              using `EU1/SolaimanLipi(0)/m/n' instead on input line 204.

LaTeX Font Info:    Font shape `EU1/EkusheyPunarbhaba(0)/m/n' will be
(Font)              scaled to size 9.10004pt on input line 264.
Requested font "Ekushey Punarbhaba/OT:script=beng;language=DFLT;" at 9.10004pt
 -> C:/WINDOWS/Fonts/Punarbhaba_27-02-2006.ttf
Requested font "NikoshLight/OT:mapping=tex-text;" at 7.0pt
 -> C:/WINDOWS/Fonts/NikoshLight.ttf
Requested font "cmex7" at 7.0pt

Overfull \hbox (15.0pt too wide) in paragraph at lines 282--287
$[]$  
 []

LaTeX Font Info:    Try loading font information for OML+SolaimanLipi(0) on inp
ut line 293.
LaTeX Font Info:    No file OMLSolaimanLipi(0).fd. on input line 293.

LaTeX Font Warning: Font shape `OML/SolaimanLipi(0)/m/n' undefined
(Font)              using `OML/cmm/m/it' instead
(Font)              for symbol `textless' on input line 293.

[7] [8]

LaTeX Warning: Empty bibliography on input line 324.

Package atveryend Info: Empty hook `BeforeClearDocument' on input line 329.
[9]
Package atveryend Info: Empty hook `AfterLastShipout' on input line 329.
 (base.aux)
Package atveryend Info: Empty hook `AtVeryEndDocument' on input line 329.
Package atveryend Info: Empty hook `AtEndAfterFileList' on input line 329.


LaTeX Font Warning: Some font shapes were not available, defaults substituted.


LaTeX Warning: There were undefined references.


Package biblatex Warning: Please (re)run Biber on the file:
(biblatex)                base
(biblatex)                and rerun LaTeX afterwards.

Package logreq Info: Writing requests to 'base.run.xml'.
\openout1 = `base.run.xml'.

 )
(\end occurred inside a group at level 1)

### simple group (level 1) entered at line 1061 ({)
### bottom level 
Here is how much of TeX's memory you used:
 29749 strings out of 428702
 518021 string characters out of 3160351
 917652 words of memory out of 3000000
 32851 multiletter control sequences out of 15000+200000
 10641 words of font info for 78 fonts, out of 3000000 for 9000
 1096 hyphenation exceptions out of 8191
 48i,12n,64p,10453b,22883s stack positions out of 5000i,500n,10000p,200000b,50000s

Output written on base.pdf (11 pages).
