\BOOKMARK [0][]{chapter.1}{ইন্সটলেশন সংক্রান্ত তথ্যাদি}{}% 1
\BOOKMARK [1][]{section.1.1}{সুচনা}{chapter.1}% 2
\BOOKMARK [1][]{section.1.2}{ইন্সটলেশন প্রসিডিউর}{chapter.1}% 3
\BOOKMARK [2][]{subsection.1.2.1}{সহজ পদ্ধতি}{section.1.2}% 4
\BOOKMARK [2][]{subsection.1.2.2}{উবুন্তু অপারেটিং সিস্টেম}{section.1.2}% 5
\BOOKMARK [2][]{subsection.1.2.3}{উইনডোজের জন্য মিকটেক}{section.1.2}% 6
\BOOKMARK [1][]{section.1.3}{বাংলা ফন্ট ও টাইপ সেটিং}{chapter.1}% 7
\BOOKMARK [2][]{subsection.1.3.1}{বাংলা ফন্ট বিষয়ে মন্তব্য}{section.1.3}% 8
\BOOKMARK [2][]{subsection.1.3.2}{ব্যবহৃত বাংলা ফন্ট}{section.1.3}% 9
\BOOKMARK [1][]{section.1.4}{বাংলা এনভায়রনমেন্ট}{chapter.1}% 10
\BOOKMARK [1][]{section.1.5}{বাংলা পেজ স্টাইল}{chapter.1}% 11
\BOOKMARK [1][]{section.1.6}{বিমার দিয়ে প্রেজেন্টেশন}{chapter.1}% 12
\BOOKMARK [1][]{section.1.7}{সমাপ্তি}{chapter.1}% 13
\BOOKMARK [0][]{chapter.2}{প্রোগ্রামিং সহ বিভিন্ন ব্যবহৃত লেখার নমুনা}{}% 14
\BOOKMARK [1][]{section.2.1}{তালিকা}{chapter.2}% 15
\BOOKMARK [1][]{section.2.2}{কম্পিউটার প্রোগ্রাম}{chapter.2}% 16
\BOOKMARK [1][]{section.2.3}{ডেফিনেশন লিস্ট}{chapter.2}% 17
\BOOKMARK [1][]{section.2.4}{ইনলাইন লিস্ট}{chapter.2}% 18
\BOOKMARK [1][]{section.2.5}{টেবিল}{chapter.2}% 19
\BOOKMARK [1][]{section.2.6}{জেপেগ \(jpeg\) ছবি}{chapter.2}% 20
\BOOKMARK [1][]{section.2.7}{সমীকরন}{chapter.2}% 21
\BOOKMARK [1][]{section.2.8}{কোটেশন}{chapter.2}% 22
\BOOKMARK [1][]{section.2.9}{ম্যাট্রিক্স}{chapter.2}% 23
\BOOKMARK [1][]{section.2.10}{একাধিক পৃষ্ঠায় বিস্তৃত টেবিল}{chapter.2}% 24
\BOOKMARK [1][]{section.2.11}{সিমুলেশন}{chapter.2}% 25
\BOOKMARK [1][]{section.2.12}{ইপিএস \(eps\) ছবি}{chapter.2}% 26
\BOOKMARK [1][]{section.2.13}{কাস্টম ছবি}{chapter.2}% 27
\BOOKMARK [1][]{section.2.14}{গ্রাফ}{chapter.2}% 28
\BOOKMARK [1][]{section.2.15}{রঙ্গীন ছবি}{chapter.2}% 29
